<?xml version="1.0" encoding="UTF-8"?>
<testsuite name="co.com.ceiba.parking.services.impl.CarParkServiceImplTest" tests="7" skipped="0" failures="0" errors="0" timestamp="2017-10-05T19:26:52" hostname="FABIAN-DIAZ" time="0.04">
  <properties/>
  <testcase name="whenThereAre21Cars_thenThrowLimitExceededException" classname="co.com.ceiba.parking.services.impl.CarParkServiceImplTest" time="0.009"/>
  <testcase name="whenPlateStartWithA_thenThrowNoAvailableDayException" classname="co.com.ceiba.parking.services.impl.CarParkServiceImplTest" time="0.003"/>
  <testcase name="whenPlateStartWithAMonday_thenSaveCarPark" classname="co.com.ceiba.parking.services.impl.CarParkServiceImplTest" time="0.005"/>
  <testcase name="whenThereAre9Cars_thenThrowLimitExceededException" classname="co.com.ceiba.parking.services.impl.CarParkServiceImplTest" time="0.003"/>
  <testcase name="whenPlateStartWithASunday_thenSaveCarPark" classname="co.com.ceiba.parking.services.impl.CarParkServiceImplTest" time="0.003"/>
  <testcase name="whenThereAre9Motorcycles_thenThrowLimitExceededException" classname="co.com.ceiba.parking.services.impl.CarParkServiceImplTest" time="0.004"/>
  <testcase name="whenThereAre11Motorcycles_thenThrowLimitExceededException" classname="co.com.ceiba.parking.services.impl.CarParkServiceImplTest" time="0.003"/>
  <system-out><![CDATA[2017-10-05 14:26:52,254 INFO  org.springframework.test.context.support.DefaultTestContextBootstrapper : Neither @ContextConfiguration nor @ContextHierarchy found for test class [co.com.ceiba.parking.services.impl.CarParkServiceImplTest], using DelegatingSmartContextLoader
2017-10-05 14:26:52,255 INFO  org.springframework.test.context.support.AbstractContextLoader : Could not detect default resource locations for test class [co.com.ceiba.parking.services.impl.CarParkServiceImplTest]: no resource found for suffixes {-context.xml}.
2017-10-05 14:26:52,257 INFO  org.springframework.test.context.support.AbstractDelegatingSmartContextLoader : AnnotationConfigContextLoader detected default configuration classes for context configuration [ContextConfigurationAttributes@28b90d6e declaringClass = 'co.com.ceiba.parking.services.impl.CarParkServiceImplTest', classes = '{class co.com.ceiba.parking.services.impl.CarParkServiceImplTest$CarParkServiceImplTestContextConfiguration}', locations = '{}', inheritLocations = false, initializers = '{}', inheritInitializers = true, name = [null], contextLoaderClass = 'org.springframework.test.context.ContextLoader'].
2017-10-05 14:26:52,263 INFO  org.springframework.test.context.support.DefaultTestContextBootstrapper : Loaded default TestExecutionListener class names from location [META-INF/spring.factories]: [org.springframework.boot.test.mock.mockito.MockitoTestExecutionListener, org.springframework.boot.test.mock.mockito.ResetMocksTestExecutionListener, org.springframework.boot.test.autoconfigure.restdocs.RestDocsTestExecutionListener, org.springframework.boot.test.autoconfigure.web.client.MockRestServiceServerResetTestExecutionListener, org.springframework.boot.test.autoconfigure.web.servlet.MockMvcPrintOnlyOnFailureTestExecutionListener, org.springframework.boot.test.autoconfigure.web.servlet.WebDriverTestExecutionListener, org.springframework.test.context.web.ServletTestExecutionListener, org.springframework.test.context.support.DirtiesContextBeforeModesTestExecutionListener, org.springframework.test.context.support.DependencyInjectionTestExecutionListener, org.springframework.test.context.support.DirtiesContextTestExecutionListener, org.springframework.test.context.transaction.TransactionalTestExecutionListener, org.springframework.test.context.jdbc.SqlScriptsTestExecutionListener]
2017-10-05 14:26:52,263 INFO  org.springframework.test.context.support.DefaultTestContextBootstrapper : Using TestExecutionListeners: [org.springframework.test.context.web.ServletTestExecutionListener@25223a7e, org.springframework.test.context.support.DirtiesContextBeforeModesTestExecutionListener@57a3686f, org.springframework.test.context.support.DependencyInjectionTestExecutionListener@239b2eed, org.springframework.test.context.support.DirtiesContextTestExecutionListener@1665a23d, org.springframework.test.context.transaction.TransactionalTestExecutionListener@22a09b45, org.springframework.test.context.jdbc.SqlScriptsTestExecutionListener@6e0c6f6e, org.springframework.boot.test.mock.mockito.ResetMocksTestExecutionListener@149ac804, org.springframework.boot.test.autoconfigure.web.servlet.MockMvcPrintOnlyOnFailureTestExecutionListener@2fd5f4e0, org.springframework.boot.test.mock.mockito.MockitoTestExecutionListener@98938ec, org.springframework.boot.test.autoconfigure.restdocs.RestDocsTestExecutionListener@4f351ac, org.springframework.boot.test.autoconfigure.web.servlet.WebDriverTestExecutionListener@46eb63de, org.springframework.boot.test.autoconfigure.web.client.MockRestServiceServerResetTestExecutionListener@4619fd17]
2017-10-05 14:26:52,266 INFO  org.springframework.context.support.GenericApplicationContext : Refreshing org.springframework.context.support.GenericApplicationContext@617e360: startup date [Thu Oct 05 14:26:52 COT 2017]; root of context hierarchy
]]></system-out>
  <system-err><![CDATA[]]></system-err>
</testsuite>
