<?xml version="1.0" encoding="UTF-8"?>
<testsuite name="co.com.ceiba.parking.controllers.CarParkControllerTest" tests="2" skipped="0" failures="0" errors="0" timestamp="2017-10-05T19:26:50" hostname="FABIAN-DIAZ" time="0.476">
  <properties/>
  <testcase name="givenNewCarPark_whenVehiclePark_thenReturnBadRequest" classname="co.com.ceiba.parking.controllers.CarParkControllerTest" time="0.372"/>
  <testcase name="givenNewCarPark_whenVehiclePark_thenReturnJsonArray" classname="co.com.ceiba.parking.controllers.CarParkControllerTest" time="0.102"/>
  <system-out><![CDATA[2017-10-05 14:26:49,568 INFO  org.springframework.boot.test.autoconfigure.web.servlet.WebMvcTestContextBootstrapper : Neither @ContextConfiguration nor @ContextHierarchy found for test class [co.com.ceiba.parking.controllers.CarParkControllerTest], using SpringBootContextLoader
2017-10-05 14:26:49,569 INFO  org.springframework.test.context.support.AbstractContextLoader : Could not detect default resource locations for test class [co.com.ceiba.parking.controllers.CarParkControllerTest]: no resource found for suffixes {-context.xml, Context.groovy}.
2017-10-05 14:26:49,571 INFO  org.springframework.test.context.support.AnnotationConfigContextLoaderUtils : Could not detect default configuration classes for test class [co.com.ceiba.parking.controllers.CarParkControllerTest]: CarParkControllerTest does not declare any static, non-private, non-final, nested classes annotated with @Configuration.
2017-10-05 14:26:49,617 INFO  org.springframework.boot.test.context.SpringBootTestContextBootstrapper : Found @SpringBootConfiguration co.com.ceiba.parking.ApiApplication for test class co.com.ceiba.parking.controllers.CarParkControllerTest
2017-10-05 14:26:49,622 INFO  org.springframework.boot.test.autoconfigure.web.servlet.WebMvcTestContextBootstrapper : Loaded default TestExecutionListener class names from location [META-INF/spring.factories]: [org.springframework.boot.test.mock.mockito.MockitoTestExecutionListener, org.springframework.boot.test.mock.mockito.ResetMocksTestExecutionListener, org.springframework.boot.test.autoconfigure.restdocs.RestDocsTestExecutionListener, org.springframework.boot.test.autoconfigure.web.client.MockRestServiceServerResetTestExecutionListener, org.springframework.boot.test.autoconfigure.web.servlet.MockMvcPrintOnlyOnFailureTestExecutionListener, org.springframework.boot.test.autoconfigure.web.servlet.WebDriverTestExecutionListener, org.springframework.test.context.web.ServletTestExecutionListener, org.springframework.test.context.support.DirtiesContextBeforeModesTestExecutionListener, org.springframework.test.context.support.DependencyInjectionTestExecutionListener, org.springframework.test.context.support.DirtiesContextTestExecutionListener, org.springframework.test.context.transaction.TransactionalTestExecutionListener, org.springframework.test.context.jdbc.SqlScriptsTestExecutionListener]
2017-10-05 14:26:49,625 INFO  org.springframework.boot.test.autoconfigure.web.servlet.WebMvcTestContextBootstrapper : Using TestExecutionListeners: [org.springframework.test.context.web.ServletTestExecutionListener@330ca3c2, org.springframework.test.context.support.DirtiesContextBeforeModesTestExecutionListener@43c4aa85, org.springframework.boot.test.autoconfigure.SpringBootDependencyInjectionTestExecutionListener@73b27416, org.springframework.test.context.support.DirtiesContextTestExecutionListener@1b3d679b, org.springframework.test.context.transaction.TransactionalTestExecutionListener@4d79c58d, org.springframework.test.context.jdbc.SqlScriptsTestExecutionListener@2b8fde25, org.springframework.boot.test.mock.mockito.ResetMocksTestExecutionListener@4b7d0d86, org.springframework.boot.test.autoconfigure.web.servlet.MockMvcPrintOnlyOnFailureTestExecutionListener@3b8caacd, org.springframework.boot.test.mock.mockito.MockitoTestExecutionListener@385a559c, org.springframework.boot.test.autoconfigure.restdocs.RestDocsTestExecutionListener@6d71ca44, org.springframework.boot.test.autoconfigure.web.servlet.WebDriverTestExecutionListener@4e43fb51, org.springframework.boot.test.autoconfigure.web.client.MockRestServiceServerResetTestExecutionListener@10c7fa96]

  .   ____          _            __ _ _
 /\\ / ___'_ __ _ _(_)_ __  __ _ \ \ \ \
( ( )\___ | '_ | '_| | '_ \/ _` | \ \ \ \
 \\/  ___)| |_)| | | | | || (_| |  ) ) ) )
  '  |____| .__|_| |_|_| |_\__, | / / / /
 =========|_|==============|___/=/_/_/_/
 :: Spring Boot ::        (v1.5.7.RELEASE)

2017-10-05 14:26:49,781 INFO  co.com.ceiba.parking.controllers.CarParkControllerTest : Starting CarParkControllerTest on FABIAN-DIAZ with PID 12736 (started by fabian.diaz in C:\Users\fabian.diaz\Documents\Parking\Code\api)
2017-10-05 14:26:49,782 INFO  co.com.ceiba.parking.controllers.CarParkControllerTest : No active profile set, falling back to default profiles: default
2017-10-05 14:26:49,784 INFO  org.springframework.web.context.support.GenericWebApplicationContext : Refreshing org.springframework.web.context.support.GenericWebApplicationContext@395206c0: startup date [Thu Oct 05 14:26:49 COT 2017]; root of context hierarchy
2017-10-05 14:26:50,228 DEBUG org.hibernate.validator.internal.engine.resolver.DefaultTraversableResolver : Found javax.persistence.Persistence on classpath containing 'getPersistenceUtil'. Assuming JPA 2 environment. Trying to instantiate JPA aware TraversableResolver
2017-10-05 14:26:50,228 DEBUG org.hibernate.validator.internal.engine.resolver.DefaultTraversableResolver : Instantiated JPA aware TraversableResolver of type org.hibernate.validator.internal.engine.resolver.JPATraversableResolver.
2017-10-05 14:26:50,233 DEBUG org.hibernate.validator.internal.engine.resolver.DefaultTraversableResolver : Found javax.persistence.Persistence on classpath containing 'getPersistenceUtil'. Assuming JPA 2 environment. Trying to instantiate JPA aware TraversableResolver
2017-10-05 14:26:50,233 DEBUG org.hibernate.validator.internal.engine.resolver.DefaultTraversableResolver : Instantiated JPA aware TraversableResolver of type org.hibernate.validator.internal.engine.resolver.JPATraversableResolver.
2017-10-05 14:26:50,233 DEBUG org.hibernate.validator.internal.engine.ConfigurationImpl : Setting custom MessageInterpolator of type org.springframework.validation.beanvalidation.LocaleContextMessageInterpolator
2017-10-05 14:26:50,234 DEBUG org.hibernate.validator.internal.engine.ConfigurationImpl : Setting custom ConstraintValidatorFactory of type org.springframework.validation.beanvalidation.SpringConstraintValidatorFactory
2017-10-05 14:26:50,234 DEBUG org.hibernate.validator.internal.engine.ConfigurationImpl : Setting custom ParameterNameProvider of type com.sun.proxy.$Proxy94
2017-10-05 14:26:50,234 DEBUG org.hibernate.validator.internal.xml.ValidationXmlParser : Trying to load META-INF/validation.xml for XML based Validator configuration.
2017-10-05 14:26:50,234 DEBUG org.hibernate.validator.internal.xml.ResourceLoaderHelper : Trying to load META-INF/validation.xml via user class loader
2017-10-05 14:26:50,234 DEBUG org.hibernate.validator.internal.xml.ResourceLoaderHelper : Trying to load META-INF/validation.xml via TCCL
2017-10-05 14:26:50,234 DEBUG org.hibernate.validator.internal.xml.ResourceLoaderHelper : Trying to load META-INF/validation.xml via Hibernate Validator's class loader
2017-10-05 14:26:50,235 DEBUG org.hibernate.validator.internal.xml.ValidationXmlParser : No META-INF/validation.xml found. Using annotation based configuration only.
2017-10-05 14:26:50,245 DEBUG org.hibernate.validator.internal.engine.resolver.DefaultTraversableResolver : Found javax.persistence.Persistence on classpath containing 'getPersistenceUtil'. Assuming JPA 2 environment. Trying to instantiate JPA aware TraversableResolver
2017-10-05 14:26:50,245 DEBUG org.hibernate.validator.internal.engine.resolver.DefaultTraversableResolver : Instantiated JPA aware TraversableResolver of type org.hibernate.validator.internal.engine.resolver.JPATraversableResolver.
2017-10-05 14:26:50,245 DEBUG org.hibernate.validator.internal.engine.resolver.DefaultTraversableResolver : Found javax.persistence.Persistence on classpath containing 'getPersistenceUtil'. Assuming JPA 2 environment. Trying to instantiate JPA aware TraversableResolver
2017-10-05 14:26:50,246 DEBUG org.hibernate.validator.internal.engine.resolver.DefaultTraversableResolver : Instantiated JPA aware TraversableResolver of type org.hibernate.validator.internal.engine.resolver.JPATraversableResolver.
2017-10-05 14:26:50,246 DEBUG org.hibernate.validator.internal.engine.ConfigurationImpl : Setting custom MessageInterpolator of type org.springframework.validation.beanvalidation.LocaleContextMessageInterpolator
2017-10-05 14:26:50,246 DEBUG org.hibernate.validator.internal.engine.ConfigurationImpl : Setting custom ConstraintValidatorFactory of type org.springframework.validation.beanvalidation.SpringConstraintValidatorFactory
2017-10-05 14:26:50,246 DEBUG org.hibernate.validator.internal.engine.ConfigurationImpl : Setting custom ParameterNameProvider of type com.sun.proxy.$Proxy94
2017-10-05 14:26:50,246 DEBUG org.hibernate.validator.internal.xml.ValidationXmlParser : Trying to load META-INF/validation.xml for XML based Validator configuration.
2017-10-05 14:26:50,246 DEBUG org.hibernate.validator.internal.xml.ResourceLoaderHelper : Trying to load META-INF/validation.xml via user class loader
2017-10-05 14:26:50,247 DEBUG org.hibernate.validator.internal.xml.ResourceLoaderHelper : Trying to load META-INF/validation.xml via TCCL
2017-10-05 14:26:50,247 DEBUG org.hibernate.validator.internal.xml.ResourceLoaderHelper : Trying to load META-INF/validation.xml via Hibernate Validator's class loader
2017-10-05 14:26:50,248 DEBUG org.hibernate.validator.internal.xml.ValidationXmlParser : No META-INF/validation.xml found. Using annotation based configuration only.
2017-10-05 14:26:50,408 INFO  org.springframework.web.servlet.mvc.method.annotation.RequestMappingHandlerAdapter : Looking for @ControllerAdvice: org.springframework.web.context.support.GenericWebApplicationContext@395206c0: startup date [Thu Oct 05 14:26:49 COT 2017]; root of context hierarchy
2017-10-05 14:26:50,422 INFO  org.springframework.web.servlet.mvc.method.annotation.RequestMappingHandlerMapping : Mapped "{[/vehicles/park],methods=[POST]}" onto public org.springframework.http.ResponseEntity<co.com.ceiba.parking.domain.CarPark> co.com.ceiba.parking.controllers.CarParkController.parkVehicle(co.com.ceiba.parking.domain.CarPark)
2017-10-05 14:26:50,423 INFO  org.springframework.web.servlet.mvc.method.annotation.RequestMappingHandlerMapping : Mapped "{[/error]}" onto public org.springframework.http.ResponseEntity<java.util.Map<java.lang.String, java.lang.Object>> org.springframework.boot.autoconfigure.web.BasicErrorController.error(javax.servlet.http.HttpServletRequest)
2017-10-05 14:26:50,424 INFO  org.springframework.web.servlet.mvc.method.annotation.RequestMappingHandlerMapping : Mapped "{[/error],produces=[text/html]}" onto public org.springframework.web.servlet.ModelAndView org.springframework.boot.autoconfigure.web.BasicErrorController.errorHtml(javax.servlet.http.HttpServletRequest,javax.servlet.http.HttpServletResponse)
2017-10-05 14:26:50,447 INFO  org.springframework.web.servlet.handler.SimpleUrlHandlerMapping : Mapped URL path [/webjars/**] onto handler of type [class org.springframework.web.servlet.resource.ResourceHttpRequestHandler]
2017-10-05 14:26:50,450 INFO  org.springframework.web.servlet.handler.SimpleUrlHandlerMapping : Mapped URL path [/**] onto handler of type [class org.springframework.web.servlet.resource.ResourceHttpRequestHandler]
2017-10-05 14:26:50,461 INFO  org.springframework.web.servlet.mvc.method.annotation.ExceptionHandlerExceptionResolver : Detected @ExceptionHandler methods in controllerExceptionHandler
2017-10-05 14:26:50,476 INFO  org.springframework.web.servlet.handler.SimpleUrlHandlerMapping : Mapped URL path [/**/favicon.ico] onto handler of type [class org.springframework.web.servlet.resource.ResourceHttpRequestHandler]
2017-10-05 14:26:50,533 INFO  org.springframework.boot.test.mock.web.SpringBootMockServletContext : Initializing Spring FrameworkServlet ''
2017-10-05 14:26:50,534 INFO  org.springframework.test.web.servlet.TestDispatcherServlet : FrameworkServlet '': initialization started
2017-10-05 14:26:50,538 INFO  org.springframework.test.web.servlet.TestDispatcherServlet : FrameworkServlet '': initialization completed in 4 ms
2017-10-05 14:26:50,586 INFO  co.com.ceiba.parking.controllers.CarParkControllerTest : Started CarParkControllerTest in 0.944 seconds (JVM running for 15.164)
2017-10-05 14:26:50,615 DEBUG org.hibernate.validator.resourceloading.PlatformResourceBundleLocator : ValidationMessages not found.
2017-10-05 14:26:50,618 DEBUG org.hibernate.validator.resourceloading.PlatformResourceBundleLocator : ContributorValidationMessages not found.
2017-10-05 14:26:50,620 DEBUG org.hibernate.validator.resourceloading.PlatformResourceBundleLocator : org.hibernate.validator.ValidationMessages found.

MockHttpServletRequest:
      HTTP Method = POST
      Request URI = /vehicles/park
       Parameters = {}
          Headers = {Content-Type=[application/json]}

Handler:
             Type = co.com.ceiba.parking.controllers.CarParkController
           Method = public org.springframework.http.ResponseEntity<co.com.ceiba.parking.domain.CarPark> co.com.ceiba.parking.controllers.CarParkController.parkVehicle(co.com.ceiba.parking.domain.CarPark)

Async:
    Async started = false
     Async result = null

Resolved Exception:
             Type = null

ModelAndView:
        View name = null
             View = null
            Model = null

FlashMap:
       Attributes = null

MockHttpServletResponse:
           Status = 201
    Error message = null
          Headers = {Content-Type=[application/json;charset=UTF-8]}
     Content type = application/json;charset=UTF-8
             Body = {"id":0,"vehicle":{"plate":"RDF23D","type":"CAR","cylinder":null},"entryDate":null,"exitDate":null,"slotNumber":0,"notes":null}
    Forwarded URL = null
   Redirected URL = null
          Cookies = []
]]></system-out>
  <system-err><![CDATA[]]></system-err>
</testsuite>
